<?xml version="1.0" encoding="UTF-8"?>
<!-- Generated by org.testng.reporters.JUnitReportReporter -->
<testsuite hostname="Arsany" failures="0" tests="1" name="test.java.confAutoReportTest" time="46.569" errors="0" timestamp="2023-01-18T00:47:19 PST" skipped="0">
  <testcase classname="test.java.confAutoReportTest" name="addBuilding" time="46.569"/>
  <system-out>
    <![CDATA[Login successfully
Building added successfully]]>
  </system-out>
</testsuite> <!-- test.java.confAutoReportTestrtTest>
