<?xml version="1.0" encoding="UTF-8"?>
<!-- Generated by org.testng.reporters.JUnitReportReporter -->
<testsuite hostname="Arsany" failures="0" tests="1" name="TestingCase" time="95.063" errors="0" timestamp="2022-11-23T15:42:57 PST" skipped="0">
  <testcase classname="TestingCase" name="TestCase" time="95.063"/>
  <system-out/>
</testsuite> <!-- TestingCase -->
