<?xml version="1.0" encoding="UTF-8"?>
<!-- Generated by org.testng.reporters.JUnitReportReporter -->
<testsuite hostname="Arsany" failures="0" tests="2" name="test.java.AddPropertyTest" time="53.320" errors="0" timestamp="2023-01-17T16:07:13 PST" skipped="0">
  <testcase classname="test.java.AddPropertyTest" name="addProperty" time="45.737"/>
  <system-out>
    <![CDATA[Login successfully
Property added successfully
Property added property list ]]>
  </system-out>
  <testcase classname="test.java.AddPropertyTest" name="mapView" time="7.583"/>
  <system-out/>
</testsuite> <!-- test.java.AddPropertyTest -->
