<?xml version="1.0" encoding="UTF-8"?>
<!-- Generated by org.testng.reporters.JUnitReportReporter -->
<testsuite hostname="Arsany" failures="0" tests="1" name="Test1" time="55.870" errors="0" timestamp="2023-01-26T15:16:33 PST" skipped="0">
  <testcase classname="Test1" name="login" time="55.870"/>
  <system-out/>
</testsuite> <!-- Test1 -->
