<?xml version="1.0" encoding="UTF-8"?>
<!-- Generated by org.testng.reporters.JUnitReportReporter -->
<testsuite hostname="Arsany" failures="0" tests="1" name="TestDeviceTwo" time="26.025" errors="0" timestamp="2023-01-26T15:16:33 PST" skipped="0">
  <testcase classname="TestDeviceTwo" name="login" time="26.025"/>
  <system-out/>
</testsuite> <!-- TestDeviceTwo -->
