<?xml version="1.0" encoding="UTF-8"?>
<!-- Generated by org.testng.reporters.JUnitReportReporter -->
<testsuite hostname="Arsany" failures="0" tests="1" name="test.java.AddUser" time="52.624" errors="0" timestamp="2023-01-18T00:30:24 PST" skipped="0">
  <testcase classname="test.java.AddUser" name="addUser" time="52.624"/>
  <system-out>
    <![CDATA[User Login successfully
User added successfully
User added user list]]>
  </system-out>
</testsuite> <!-- test.java.AddUser -->
