<?xml version="1.0" encoding="UTF-8"?>
<!-- Generated by org.testng.reporters.JUnitReportReporter -->
<testsuite hostname="Arsany" failures="0" tests="1" name="dispatchTest" time="57.020" errors="0" timestamp="2023-03-16T15:49:05 PDT" skipped="0">
  <testcase classname="dispatchTest" name="addTempCheck" time="57.020"/>
  <system-out/>
</testsuite> <!-- dispatchTest -->
