<?xml version="1.0" encoding="UTF-8"?>
<!-- Generated by org.testng.reporters.JUnitReportReporter -->
<testsuite hostname="Arsany" failures="0" tests="1" name="test.java.demoScriptTest" time="85.767" errors="0" timestamp="2023-04-04T11:59:19 PDT" skipped="0">
  <testcase classname="test.java.demoScriptTest" name="dispatch" time="85.767"/>
  <system-out/>
</testsuite> <!-- test.java.demoScriptTest -->
